<?xml version="1.0" encoding="UTF-8"?>
<!-- Generated by org.testng.reporters.JUnitReportReporter -->
<testsuite hostname="U0050" failures="0" tests="1" name="com.fdf.LOGINPAGECHECK" time="9.938" errors="0" timestamp="2024-06-20T11:22:58 IST" skipped="0">
  <testcase classname="com.fdf.LOGINPAGECHECK" name="checkloginpage" time="9.938"/>
</testsuite> <!-- com.fdf.LOGINPAGECHECK -->
